30/07/2024 12:48:16 PM: INFO: login_steps: pass_headers: Headers: {'accept': 'application/json', 'product-id': '100', 'tenant-id': '99999', 'Content-Type': 'application/json'}
30/07/2024 12:48:16 PM: INFO: login_steps: pass_payload: payload :{'admission_id': '13907DSZS', 'password': 'QWERTY'}
30/07/2024 12:48:18 PM: INFO: login_steps: validate_response: Status_code: 200
30/07/2024 12:48:18 PM: INFO: login_steps: validate_admission_id: Json Response: {'token': {'access_token': 'Bearer eyJhbGciOiJIUzI1NiIsInR5cCI6IkpXVCJ9.eyJleHAiOjE3MjI0MTAyOTcsImlhdCI6MTcyMjMyMzg5NywiREJJZCI6IjkzOTgxMjg2IiwiRmlyc3ROYW1lIjoibWlrYSBUZXN0IiwiTGFzdE5hbWUiOm51bGwsInVpZCI6IjEzOTA3RFNaUyIsIlRlbmFudElkIjoxMywiVGVuYW50Q29kZSI6InRlbmFudCBjcmVhdGlvbiIsIlJvbGVOYW1lIjoiU3R1ZGVudCIsIlJvbGVJZCI6IjEiLCJ1YW1faWQiOjkzOTgxMjg2LCJjcm5faWQiOiJDUk5QMTAwVDAwMDEzUUJCNTJZUiIsInNjaG9vbF9pZCI6IlNDSDEwMDEzOTAifQ.sR8kGJDk-SaBREmGWLehGcTEzQzllMW_f8tJKpi9QAU', 'refresh_token': '222857f2fa01c76ec317580cb052f36d0bfa8f3e3eac71074139003a578fda67'}, 'user': {'id': None, 'first_name': 'mika Test', 'last_name': None, 'isd_code': '+91', 'phone': '2315616516', 'email': None, 'admission_id': '13907DSZS', 'grade_id': '1', 'branch_id': 90, 'tenant_id': 13, 'school_id': 'SCH1001390', 'whatsapp_consent': True, 'crn_id': 'CRNP100T00013QBB52YR', 'is_active': True, 'account_type': 'user', 'registration_source': 'organic', 'hall_ticket_id': '21682915995', 'created_at': '2024-06-26T06:05:33.513475'}, 'mdm': {'product_id': 100, 'tenant_id': 13, 'branch_id': 90, 'grade_id': 1, 'program_id': None, 'role_ids': [1]}}
30/07/2024 12:48:18 PM: INFO: login_steps: validate_admission_id: getting_id: 13907DSZS
30/07/2024 12:48:18 PM: INFO: login_steps: pass_headers: Headers: {'accept': 'application/json', 'product-id': '100', 'tenant-id': '99999', 'Content-Type': 'application/json'}
30/07/2024 12:48:18 PM: INFO: login_steps: pass_payload: incorrect payload: {'admission_id': '13907DSZS', 'password': '123456'}
30/07/2024 12:48:19 PM: INFO: login_steps: validate_response: Status_code: 400
30/07/2024 12:48:19 PM: INFO: login_steps: incorrect_credential_message: Message for Incorrect Password: Incorrect Password
30/07/2024 12:48:28 PM: INFO: student_register_steps: validate_status: printed status_code201
30/07/2024 12:48:28 PM: INFO: student_register_steps: validate_status: Actual Status Code 409
30/07/2024 12:48:28 PM: ERROR: student_register_steps: validate_status: 
30/07/2024 12:48:38 PM: INFO: student_register_steps: validate_status: printed status_code409
30/07/2024 12:48:38 PM: INFO: student_register_steps: validate_status: Actual Status Code 409
30/07/2024 12:48:38 PM: INFO: student_register_steps: register_message_response: User already exist
30/07/2024 12:48:48 PM: INFO: student_register_steps: validate_status: printed status_code409
30/07/2024 12:48:48 PM: INFO: student_register_steps: validate_status: Actual Status Code 409
30/07/2024 12:48:48 PM: INFO: student_register_steps: register_message_response: Similar users found
30/07/2024 12:48:57 PM: INFO: student_register_steps: validate_status: printed status_code409
30/07/2024 12:48:57 PM: INFO: student_register_steps: validate_status: Actual Status Code 409
30/07/2024 12:48:57 PM: INFO: student_register_steps: register_message_response: Similar users found
